<?xml version="1.0" encoding="UTF-8"?>
<testng-results skipped="0" failed="0" ignored="0" total="2" passed="2">
  <reporter-output>
  </reporter-output>
  <suite name="Default suite" duration-ms="66205" started-at="2020-05-31T20:13:09Z" finished-at="2020-05-31T20:14:15Z">
    <groups>
    </groups>
    <test name="Default test" duration-ms="66205" started-at="2020-05-31T20:13:09Z" finished-at="2020-05-31T20:14:15Z">
      <class name="Testcase.Test1">
        <test-method status="PASS" signature="login()[pri:0, instance:Testcase.Test1@1700915]" name="login" duration-ms="32840" started-at="2020-06-01T01:43:09Z" finished-at="2020-06-01T01:43:42Z">
          <reporter-output>
          </reporter-output>
        </test-method> <!-- login -->
        <test-method status="PASS" signature="bookFilight()[pri:1, instance:Testcase.Test1@1700915]" name="bookFilight" duration-ms="33299" started-at="2020-06-01T01:43:42Z" finished-at="2020-06-01T01:44:15Z">
          <reporter-output>
          </reporter-output>
        </test-method> <!-- bookFilight -->
      </class> <!-- Testcase.Test1 -->
    </test> <!-- Default test -->
  </suite> <!-- Default suite -->
</testng-results>
